<?xml version="1.0" encoding="UTF-8"?>
<!-- Generated by org.testng.reporters.JUnitReportReporter -->
<testsuite hostname="LAPTOP-PF2B9K2F" failures="0" tests="3" name="TestClass1" time="9.286" errors="0" timestamp="2023-05-06T16:50:04 EET" skipped="0">
  <testcase classname="TestClass1" name="Test1" time="2.787"/>
  <system-out/>
  <testcase classname="TestClass1" name="Test3" time="2.492"/>
  <system-out/>
  <testcase classname="TestClass1" name="Test2" time="4.007"/>
  <system-out/>
</testsuite> <!-- TestClass1 -->
